[04:14:19] [Server thread/INFO]: Starting minecraft server version 1.8.8
[04:14:19] [Server thread/INFO]: Loading properties
[04:14:19] [Server thread/INFO]: Default game type: SURVIVAL
[04:14:19] [Server thread/INFO]: This server is running CraftBukkit version git-Spigot-db6de12-18fbb24 (MC: 1.8.8) (Implementing API version 1.8.8-R0.1-SNAPSHOT)
[04:14:19] [Server thread/INFO]: Debug logging is disabled
[04:14:19] [Server thread/INFO]: Server Ping Player Sample Count: 12
[04:14:19] [Server thread/INFO]: Using 4 threads for Netty based IO
[04:14:20] [Server thread/INFO]: Generating keypair
[04:14:20] [Server thread/INFO]: Starting Minecraft server on *:25565
[04:14:20] [Server thread/INFO]: Using default channel type
[04:14:20] [Server thread/INFO]: Set PluginClassLoader as parallel capable
[04:14:20] [Server thread/WARN]: Failed to instantiate SLF4J LoggerFactory
[04:14:20] [Server thread/WARN]: Reported exception:
[04:14:20] [Server thread/WARN]: java.lang.NoClassDefFoundError: org/apache/logging/log4j/spi/AbstractLoggerAdapter
[04:14:20] [Server thread/WARN]: 	at java.lang.ClassLoader.defineClass1(Native Method)
[04:14:20] [Server thread/WARN]: 	at java.lang.ClassLoader.defineClass(Unknown Source)
[04:14:20] [Server thread/WARN]: 	at java.security.SecureClassLoader.defineClass(Unknown Source)
[04:14:20] [Server thread/WARN]: 	at java.net.URLClassLoader.defineClass(Unknown Source)
[04:14:20] [Server thread/WARN]: 	at java.net.URLClassLoader.access$100(Unknown Source)
[04:14:20] [Server thread/WARN]: 	at java.net.URLClassLoader$1.run(Unknown Source)
[04:14:20] [Server thread/WARN]: 	at java.net.URLClassLoader$1.run(Unknown Source)
[04:14:20] [Server thread/WARN]: 	at java.security.AccessController.doPrivileged(Native Method)
[04:14:20] [Server thread/WARN]: 	at java.net.URLClassLoader.findClass(Unknown Source)
[04:14:20] [Server thread/WARN]: 	at org.bukkit.plugin.java.PluginClassLoader.findClass(PluginClassLoader.java:101)
[04:14:20] [Server thread/WARN]: 	at org.bukkit.plugin.java.PluginClassLoader.findClass(PluginClassLoader.java:86)
[04:14:20] [Server thread/WARN]: 	at java.lang.ClassLoader.loadClass(Unknown Source)
[04:14:20] [Server thread/WARN]: 	at java.lang.ClassLoader.loadClass(Unknown Source)
[04:14:20] [Server thread/WARN]: 	at com.sk89q.worldedit.slf4j.impl.StaticLoggerBinder.<clinit>(StaticLoggerBinder.java:36)
[04:14:20] [Server thread/WARN]: 	at com.sk89q.worldedit.slf4j.LoggerFactory.bind(LoggerFactory.java:150)
[04:14:20] [Server thread/WARN]: 	at com.sk89q.worldedit.slf4j.LoggerFactory.performInitialization(LoggerFactory.java:124)
[04:14:20] [Server thread/WARN]: 	at com.sk89q.worldedit.slf4j.LoggerFactory.getILoggerFactory(LoggerFactory.java:412)
[04:14:20] [Server thread/WARN]: 	at com.sk89q.worldedit.slf4j.LoggerFactory.getLogger(LoggerFactory.java:357)
[04:14:20] [Server thread/WARN]: 	at com.sk89q.worldedit.slf4j.LoggerFactory.getLogger(LoggerFactory.java:383)
[04:14:20] [Server thread/WARN]: 	at com.sk89q.worldedit.bukkit.WorldEditPlugin.<clinit>(WorldEditPlugin.java:98)
[04:14:20] [Server thread/WARN]: 	at java.lang.Class.forName0(Native Method)
[04:14:20] [Server thread/WARN]: 	at java.lang.Class.forName(Unknown Source)
[04:14:20] [Server thread/WARN]: 	at org.bukkit.plugin.java.PluginClassLoader.<init>(PluginClassLoader.java:64)
[04:14:20] [Server thread/WARN]: 	at org.bukkit.plugin.java.JavaPluginLoader.loadPlugin(JavaPluginLoader.java:131)
[04:14:20] [Server thread/WARN]: 	at org.bukkit.plugin.SimplePluginManager.loadPlugin(SimplePluginManager.java:329)
[04:14:20] [Server thread/WARN]: 	at org.bukkit.plugin.SimplePluginManager.loadPlugins(SimplePluginManager.java:251)
[04:14:20] [Server thread/WARN]: 	at org.bukkit.craftbukkit.v1_8_R3.CraftServer.loadPlugins(CraftServer.java:292)
[04:14:20] [Server thread/WARN]: 	at net.minecraft.server.v1_8_R3.DedicatedServer.init(DedicatedServer.java:198)
[04:14:20] [Server thread/WARN]: 	at net.minecraft.server.v1_8_R3.MinecraftServer.run(MinecraftServer.java:525)
[04:14:20] [Server thread/WARN]: 	at java.lang.Thread.run(Unknown Source)
[04:14:20] [Server thread/WARN]: Caused by: java.lang.ClassNotFoundException: org.apache.logging.log4j.spi.AbstractLoggerAdapter
[04:14:20] [Server thread/WARN]: 	at java.net.URLClassLoader.findClass(Unknown Source)
[04:14:20] [Server thread/WARN]: 	at org.bukkit.plugin.java.PluginClassLoader.findClass(PluginClassLoader.java:101)
[04:14:20] [Server thread/WARN]: 	at org.bukkit.plugin.java.PluginClassLoader.findClass(PluginClassLoader.java:86)
[04:14:20] [Server thread/WARN]: 	at java.lang.ClassLoader.loadClass(Unknown Source)
[04:14:20] [Server thread/WARN]: 	at java.lang.ClassLoader.loadClass(Unknown Source)
[04:14:20] [Server thread/WARN]: 	... 30 more
[04:14:20] [Server thread/ERROR]: Could not load 'plugins\worldedit-bukkit-7.1.0.jar' in folder 'plugins'
org.bukkit.plugin.InvalidPluginException: java.lang.NoClassDefFoundError: org/apache/logging/log4j/spi/AbstractLoggerAdapter
	at org.bukkit.plugin.java.JavaPluginLoader.loadPlugin(JavaPluginLoader.java:135) ~[spigot-1.8.8.jar:git-Spigot-db6de12-18fbb24]
	at org.bukkit.plugin.SimplePluginManager.loadPlugin(SimplePluginManager.java:329) ~[spigot-1.8.8.jar:git-Spigot-db6de12-18fbb24]
	at org.bukkit.plugin.SimplePluginManager.loadPlugins(SimplePluginManager.java:251) [spigot-1.8.8.jar:git-Spigot-db6de12-18fbb24]
	at org.bukkit.craftbukkit.v1_8_R3.CraftServer.loadPlugins(CraftServer.java:292) [spigot-1.8.8.jar:git-Spigot-db6de12-18fbb24]
	at net.minecraft.server.v1_8_R3.DedicatedServer.init(DedicatedServer.java:198) [spigot-1.8.8.jar:git-Spigot-db6de12-18fbb24]
	at net.minecraft.server.v1_8_R3.MinecraftServer.run(MinecraftServer.java:525) [spigot-1.8.8.jar:git-Spigot-db6de12-18fbb24]
	at java.lang.Thread.run(Unknown Source) [?:1.8.0_251]
Caused by: java.lang.NoClassDefFoundError: org/apache/logging/log4j/spi/AbstractLoggerAdapter
	at java.lang.ClassLoader.defineClass1(Native Method) ~[?:1.8.0_251]
	at java.lang.ClassLoader.defineClass(Unknown Source) ~[?:1.8.0_251]
	at java.security.SecureClassLoader.defineClass(Unknown Source) ~[?:1.8.0_251]
	at java.net.URLClassLoader.defineClass(Unknown Source) ~[?:1.8.0_251]
	at java.net.URLClassLoader.access$100(Unknown Source) ~[?:1.8.0_251]
	at java.net.URLClassLoader$1.run(Unknown Source) ~[?:1.8.0_251]
	at java.net.URLClassLoader$1.run(Unknown Source) ~[?:1.8.0_251]
	at java.security.AccessController.doPrivileged(Native Method) ~[?:1.8.0_251]
	at java.net.URLClassLoader.findClass(Unknown Source) ~[?:1.8.0_251]
	at org.bukkit.plugin.java.PluginClassLoader.findClass(PluginClassLoader.java:101) ~[spigot-1.8.8.jar:git-Spigot-db6de12-18fbb24]
	at org.bukkit.plugin.java.PluginClassLoader.findClass(PluginClassLoader.java:86) ~[spigot-1.8.8.jar:git-Spigot-db6de12-18fbb24]
	at java.lang.ClassLoader.loadClass(Unknown Source) ~[?:1.8.0_251]
	at java.lang.ClassLoader.loadClass(Unknown Source) ~[?:1.8.0_251]
	at com.sk89q.worldedit.slf4j.impl.StaticLoggerBinder.<clinit>(StaticLoggerBinder.java:36) ~[?:?]
	at com.sk89q.worldedit.slf4j.LoggerFactory.bind(LoggerFactory.java:150) ~[?:?]
	at com.sk89q.worldedit.slf4j.LoggerFactory.performInitialization(LoggerFactory.java:124) ~[?:?]
	at com.sk89q.worldedit.slf4j.LoggerFactory.getILoggerFactory(LoggerFactory.java:412) ~[?:?]
	at com.sk89q.worldedit.slf4j.LoggerFactory.getLogger(LoggerFactory.java:357) ~[?:?]
	at com.sk89q.worldedit.slf4j.LoggerFactory.getLogger(LoggerFactory.java:383) ~[?:?]
	at com.sk89q.worldedit.bukkit.WorldEditPlugin.<clinit>(WorldEditPlugin.java:98) ~[?:?]
	at java.lang.Class.forName0(Native Method) ~[?:1.8.0_251]
	at java.lang.Class.forName(Unknown Source) ~[?:1.8.0_251]
	at org.bukkit.plugin.java.PluginClassLoader.<init>(PluginClassLoader.java:64) ~[spigot-1.8.8.jar:git-Spigot-db6de12-18fbb24]
	at org.bukkit.plugin.java.JavaPluginLoader.loadPlugin(JavaPluginLoader.java:131) ~[spigot-1.8.8.jar:git-Spigot-db6de12-18fbb24]
	... 6 more
Caused by: java.lang.ClassNotFoundException: org.apache.logging.log4j.spi.AbstractLoggerAdapter
	at java.net.URLClassLoader.findClass(Unknown Source) ~[?:1.8.0_251]
	at org.bukkit.plugin.java.PluginClassLoader.findClass(PluginClassLoader.java:101) ~[spigot-1.8.8.jar:git-Spigot-db6de12-18fbb24]
	at org.bukkit.plugin.java.PluginClassLoader.findClass(PluginClassLoader.java:86) ~[spigot-1.8.8.jar:git-Spigot-db6de12-18fbb24]
	at java.lang.ClassLoader.loadClass(Unknown Source) ~[?:1.8.0_251]
	at java.lang.ClassLoader.loadClass(Unknown Source) ~[?:1.8.0_251]
	at java.lang.ClassLoader.defineClass1(Native Method) ~[?:1.8.0_251]
	at java.lang.ClassLoader.defineClass(Unknown Source) ~[?:1.8.0_251]
	at java.security.SecureClassLoader.defineClass(Unknown Source) ~[?:1.8.0_251]
	at java.net.URLClassLoader.defineClass(Unknown Source) ~[?:1.8.0_251]
	at java.net.URLClassLoader.access$100(Unknown Source) ~[?:1.8.0_251]
	at java.net.URLClassLoader$1.run(Unknown Source) ~[?:1.8.0_251]
	at java.net.URLClassLoader$1.run(Unknown Source) ~[?:1.8.0_251]
	at java.security.AccessController.doPrivileged(Native Method) ~[?:1.8.0_251]
	at java.net.URLClassLoader.findClass(Unknown Source) ~[?:1.8.0_251]
	at org.bukkit.plugin.java.PluginClassLoader.findClass(PluginClassLoader.java:101) ~[spigot-1.8.8.jar:git-Spigot-db6de12-18fbb24]
	at org.bukkit.plugin.java.PluginClassLoader.findClass(PluginClassLoader.java:86) ~[spigot-1.8.8.jar:git-Spigot-db6de12-18fbb24]
	at java.lang.ClassLoader.loadClass(Unknown Source) ~[?:1.8.0_251]
	at java.lang.ClassLoader.loadClass(Unknown Source) ~[?:1.8.0_251]
	at com.sk89q.worldedit.slf4j.impl.StaticLoggerBinder.<clinit>(StaticLoggerBinder.java:36) ~[?:?]
	at com.sk89q.worldedit.slf4j.LoggerFactory.bind(LoggerFactory.java:150) ~[?:?]
	at com.sk89q.worldedit.slf4j.LoggerFactory.performInitialization(LoggerFactory.java:124) ~[?:?]
	at com.sk89q.worldedit.slf4j.LoggerFactory.getILoggerFactory(LoggerFactory.java:412) ~[?:?]
	at com.sk89q.worldedit.slf4j.LoggerFactory.getLogger(LoggerFactory.java:357) ~[?:?]
	at com.sk89q.worldedit.slf4j.LoggerFactory.getLogger(LoggerFactory.java:383) ~[?:?]
	at com.sk89q.worldedit.bukkit.WorldEditPlugin.<clinit>(WorldEditPlugin.java:98) ~[?:?]
	at java.lang.Class.forName0(Native Method) ~[?:1.8.0_251]
	at java.lang.Class.forName(Unknown Source) ~[?:1.8.0_251]
	at org.bukkit.plugin.java.PluginClassLoader.<init>(PluginClassLoader.java:64) ~[spigot-1.8.8.jar:git-Spigot-db6de12-18fbb24]
	at org.bukkit.plugin.java.JavaPluginLoader.loadPlugin(JavaPluginLoader.java:131) ~[spigot-1.8.8.jar:git-Spigot-db6de12-18fbb24]
	... 6 more
[04:14:20] [Thread-7/INFO]: UUID of player Aureo is f8a7d0e9-ab2d-3f0d-85bc-53382c2fc28a
[04:14:20] [Server thread/ERROR]: Could not load 'plugins\worldguard-bukkit-7.0.2.jar' in folder 'plugins'
org.bukkit.plugin.UnknownDependencyException: WorldEdit
	at org.bukkit.plugin.SimplePluginManager.loadPlugins(SimplePluginManager.java:219) [spigot-1.8.8.jar:git-Spigot-db6de12-18fbb24]
	at org.bukkit.craftbukkit.v1_8_R3.CraftServer.loadPlugins(CraftServer.java:292) [spigot-1.8.8.jar:git-Spigot-db6de12-18fbb24]
	at net.minecraft.server.v1_8_R3.DedicatedServer.init(DedicatedServer.java:198) [spigot-1.8.8.jar:git-Spigot-db6de12-18fbb24]
	at net.minecraft.server.v1_8_R3.MinecraftServer.run(MinecraftServer.java:525) [spigot-1.8.8.jar:git-Spigot-db6de12-18fbb24]
	at java.lang.Thread.run(Unknown Source) [?:1.8.0_251]
[04:14:20] [Server thread/ERROR]: Could not load 'plugins\Multiverse-Portals-4.1.0.jar' in folder 'plugins'
org.bukkit.plugin.InvalidPluginException: java.lang.NoSuchFieldError: WOODEN_AXE
	at org.bukkit.plugin.java.JavaPluginLoader.loadPlugin(JavaPluginLoader.java:135) ~[spigot-1.8.8.jar:git-Spigot-db6de12-18fbb24]
	at org.bukkit.plugin.SimplePluginManager.loadPlugin(SimplePluginManager.java:329) ~[spigot-1.8.8.jar:git-Spigot-db6de12-18fbb24]
	at org.bukkit.plugin.SimplePluginManager.loadPlugins(SimplePluginManager.java:251) [spigot-1.8.8.jar:git-Spigot-db6de12-18fbb24]
	at org.bukkit.craftbukkit.v1_8_R3.CraftServer.loadPlugins(CraftServer.java:292) [spigot-1.8.8.jar:git-Spigot-db6de12-18fbb24]
	at net.minecraft.server.v1_8_R3.DedicatedServer.init(DedicatedServer.java:198) [spigot-1.8.8.jar:git-Spigot-db6de12-18fbb24]
	at net.minecraft.server.v1_8_R3.MinecraftServer.run(MinecraftServer.java:525) [spigot-1.8.8.jar:git-Spigot-db6de12-18fbb24]
	at java.lang.Thread.run(Unknown Source) [?:1.8.0_251]
Caused by: java.lang.NoSuchFieldError: WOODEN_AXE
	at com.onarandombox.MultiversePortals.MultiversePortals.<clinit>(MultiversePortals.java:87) ~[?:?]
	at java.lang.Class.forName0(Native Method) ~[?:1.8.0_251]
	at java.lang.Class.forName(Unknown Source) ~[?:1.8.0_251]
	at org.bukkit.plugin.java.PluginClassLoader.<init>(PluginClassLoader.java:64) ~[spigot-1.8.8.jar:git-Spigot-db6de12-18fbb24]
	at org.bukkit.plugin.java.JavaPluginLoader.loadPlugin(JavaPluginLoader.java:131) ~[spigot-1.8.8.jar:git-Spigot-db6de12-18fbb24]
	... 6 more
[04:14:21] [Server thread/INFO]: [ClearLag] Loading ClearLag v3.1.6
[04:14:21] [Server thread/INFO]: [Timber] Loading Timber v1.0.7
[04:14:21] [Server thread/INFO]: [Vault] Loading Vault v1.7.2-b107
[04:14:21] [Server thread/INFO]: [Multiverse-Core] Loading Multiverse-Core v4.1.0-b775
[04:14:21] [Server thread/INFO]: [AuthMe] Loading AuthMe v5.4.0-b1877
[04:14:21] [Server thread/INFO]: [GriefPrevention] Loading GriefPrevention v16.13.0
[04:14:21] [Server thread/INFO]: [ChestShop] Loading ChestShop v3.10.1 (build 174)
[04:14:21] [Server thread/INFO]: [ChestShop] GriefPrevention version 16.13.0 loaded.
[04:14:21] [Server thread/INFO]: [Vault] Enabling Vault v1.7.2-b107
[04:14:21] [Server thread/INFO]: [Vault] [Permission] SuperPermissions loaded as backup permission system.
[04:14:21] [Server thread/INFO]: [Vault] Enabled Version 1.7.2-b107
[04:14:21] [Server thread/WARN]: **** SERVER IS RUNNING IN OFFLINE/INSECURE MODE!
[04:14:21] [Server thread/WARN]: The server will make no attempt to authenticate usernames. Beware.
[04:14:21] [Server thread/WARN]: While this makes the game possible to play without internet access, it also opens up the ability for hackers to connect with any username they choose.
[04:14:21] [Server thread/WARN]: To change this, set "online-mode" to "true" in the server.properties file.
[04:14:21] [Server thread/INFO]: **** Beginning UUID conversion, this may take A LONG time ****
[04:14:21] [Server thread/INFO]: Preparing level "world"
[04:14:21] [Server thread/INFO]: -------- World Settings For [world] --------
[04:14:21] [Server thread/INFO]: View Distance: 10
[04:14:21] [Server thread/INFO]: Arrow Despawn Rate: 1200
[04:14:21] [Server thread/INFO]: Allow Zombie Pigmen to spawn from portal blocks: true
[04:14:21] [Server thread/INFO]: Item Despawn Rate: 6000
[04:14:21] [Server thread/INFO]: Item Merge Radius: 2.5
[04:14:21] [Server thread/INFO]: Chunks to Grow per Tick: 650
[04:14:21] [Server thread/INFO]: Clear tick list: false
[04:14:21] [Server thread/INFO]: Experience Merge Radius: 3.0
[04:14:21] [Server thread/INFO]: Zombie Aggressive Towards Villager: true
[04:14:21] [Server thread/INFO]: Max TNT Explosions: 100
[04:14:21] [Server thread/INFO]: Tile Max Tick Time: 50ms Entity max Tick Time: 50ms
[04:14:21] [Server thread/INFO]: Hopper Transfer: 8 Hopper Check: 8 Hopper Amount: 1
[04:14:21] [Server thread/INFO]: Structure Info Saving: true
[04:14:21] [Server thread/INFO]: Nerfing mobs spawned from spawners: false
[04:14:21] [Server thread/INFO]: Entity Tracking Range: Pl 48 / An 48 / Mo 48 / Mi 32 / Other 64
[04:14:21] [Server thread/INFO]: Cactus Growth Modifier: 100%
[04:14:21] [Server thread/INFO]: Cane Growth Modifier: 100%
[04:14:21] [Server thread/INFO]: Melon Growth Modifier: 100%
[04:14:21] [Server thread/INFO]: Mushroom Growth Modifier: 100%
[04:14:21] [Server thread/INFO]: Pumpkin Growth Modifier: 100%
[04:14:21] [Server thread/INFO]: Sapling Growth Modifier: 100%
[04:14:21] [Server thread/INFO]: Wheat Growth Modifier: 100%
[04:14:21] [Server thread/INFO]: NetherWart Growth Modifier: 100%
[04:14:21] [Server thread/INFO]: Anti X-Ray: true
[04:14:21] [Server thread/INFO]: 	Engine Mode: 1
[04:14:21] [Server thread/INFO]: 	Hidden Blocks: [14, 15, 16, 21, 48, 49, 54, 56, 73, 74, 82, 129, 130]
[04:14:21] [Server thread/INFO]: 	Replace Blocks: [1, 5]
[04:14:21] [Server thread/INFO]: Random Lighting Updates: false
[04:14:21] [Server thread/INFO]: Entity Activation Range: An 32 / Mo 32 / Mi 16
[04:14:21] [Server thread/INFO]: Sending up to 10 chunks per packet
[04:14:21] [Server thread/INFO]: Mob Spawn Range: 4
[04:14:21] [Server thread/INFO]: Custom Map Seeds:  Village: 10387312 Feature: 14357617
[04:14:21] [Server thread/INFO]: Max Entity Collisions: 8
[04:14:21] [Server thread/INFO]: -------- World Settings For [world_nether] --------
[04:14:21] [Server thread/INFO]: View Distance: 10
[04:14:21] [Server thread/INFO]: Arrow Despawn Rate: 1200
[04:14:21] [Server thread/INFO]: Allow Zombie Pigmen to spawn from portal blocks: true
[04:14:21] [Server thread/INFO]: Item Despawn Rate: 6000
[04:14:21] [Server thread/INFO]: Item Merge Radius: 2.5
[04:14:21] [Server thread/INFO]: Chunks to Grow per Tick: 650
[04:14:21] [Server thread/INFO]: Clear tick list: false
[04:14:21] [Server thread/INFO]: Experience Merge Radius: 3.0
[04:14:21] [Server thread/INFO]: Zombie Aggressive Towards Villager: true
[04:14:21] [Server thread/INFO]: Max TNT Explosions: 100
[04:14:21] [Server thread/INFO]: Tile Max Tick Time: 50ms Entity max Tick Time: 50ms
[04:14:21] [Server thread/INFO]: Hopper Transfer: 8 Hopper Check: 8 Hopper Amount: 1
[04:14:21] [Server thread/INFO]: Structure Info Saving: true
[04:14:21] [Server thread/INFO]: Nerfing mobs spawned from spawners: false
[04:14:21] [Server thread/INFO]: Entity Tracking Range: Pl 48 / An 48 / Mo 48 / Mi 32 / Other 64
[04:14:21] [Server thread/INFO]: Cactus Growth Modifier: 100%
[04:14:21] [Server thread/INFO]: Cane Growth Modifier: 100%
[04:14:21] [Server thread/INFO]: Melon Growth Modifier: 100%
[04:14:21] [Server thread/INFO]: Mushroom Growth Modifier: 100%
[04:14:21] [Server thread/INFO]: Pumpkin Growth Modifier: 100%
[04:14:21] [Server thread/INFO]: Sapling Growth Modifier: 100%
[04:14:21] [Server thread/INFO]: Wheat Growth Modifier: 100%
[04:14:21] [Server thread/INFO]: NetherWart Growth Modifier: 100%
[04:14:21] [Server thread/INFO]: Anti X-Ray: true
[04:14:21] [Server thread/INFO]: 	Engine Mode: 1
[04:14:21] [Server thread/INFO]: 	Hidden Blocks: [14, 15, 16, 21, 48, 49, 54, 56, 73, 74, 82, 129, 130]
[04:14:21] [Server thread/INFO]: 	Replace Blocks: [1, 5]
[04:14:21] [Server thread/INFO]: Random Lighting Updates: false
[04:14:21] [Server thread/INFO]: Entity Activation Range: An 32 / Mo 32 / Mi 16
[04:14:21] [Server thread/INFO]: Sending up to 10 chunks per packet
[04:14:21] [Server thread/INFO]: Mob Spawn Range: 4
[04:14:21] [Server thread/INFO]: Custom Map Seeds:  Village: 10387312 Feature: 14357617
[04:14:21] [Server thread/INFO]: Max Entity Collisions: 8
[04:14:21] [Server thread/INFO]: -------- World Settings For [world_the_end] --------
[04:14:21] [Server thread/INFO]: View Distance: 10
[04:14:21] [Server thread/INFO]: Arrow Despawn Rate: 1200
[04:14:21] [Server thread/INFO]: Allow Zombie Pigmen to spawn from portal blocks: true
[04:14:21] [Server thread/INFO]: Item Despawn Rate: 6000
[04:14:21] [Server thread/INFO]: Item Merge Radius: 2.5
[04:14:21] [Server thread/INFO]: Chunks to Grow per Tick: 650
[04:14:21] [Server thread/INFO]: Clear tick list: false
[04:14:21] [Server thread/INFO]: Experience Merge Radius: 3.0
[04:14:21] [Server thread/INFO]: Zombie Aggressive Towards Villager: true
[04:14:21] [Server thread/INFO]: Max TNT Explosions: 100
[04:14:21] [Server thread/INFO]: Tile Max Tick Time: 50ms Entity max Tick Time: 50ms
[04:14:21] [Server thread/INFO]: Hopper Transfer: 8 Hopper Check: 8 Hopper Amount: 1
[04:14:21] [Server thread/INFO]: Structure Info Saving: true
[04:14:21] [Server thread/INFO]: Nerfing mobs spawned from spawners: false
[04:14:21] [Server thread/INFO]: Entity Tracking Range: Pl 48 / An 48 / Mo 48 / Mi 32 / Other 64
[04:14:21] [Server thread/INFO]: Cactus Growth Modifier: 100%
[04:14:21] [Server thread/INFO]: Cane Growth Modifier: 100%
[04:14:21] [Server thread/INFO]: Melon Growth Modifier: 100%
[04:14:21] [Server thread/INFO]: Mushroom Growth Modifier: 100%
[04:14:21] [Server thread/INFO]: Pumpkin Growth Modifier: 100%
[04:14:21] [Server thread/INFO]: Sapling Growth Modifier: 100%
[04:14:21] [Server thread/INFO]: Wheat Growth Modifier: 100%
[04:14:21] [Server thread/INFO]: NetherWart Growth Modifier: 100%
[04:14:21] [Server thread/INFO]: Anti X-Ray: true
[04:14:21] [Server thread/INFO]: 	Engine Mode: 1
[04:14:21] [Server thread/INFO]: 	Hidden Blocks: [14, 15, 16, 21, 48, 49, 54, 56, 73, 74, 82, 129, 130]
[04:14:21] [Server thread/INFO]: 	Replace Blocks: [1, 5]
[04:14:21] [Server thread/INFO]: Random Lighting Updates: false
[04:14:21] [Server thread/INFO]: Entity Activation Range: An 32 / Mo 32 / Mi 16
[04:14:21] [Server thread/INFO]: Sending up to 10 chunks per packet
[04:14:21] [Server thread/INFO]: Mob Spawn Range: 4
[04:14:21] [Server thread/INFO]: Custom Map Seeds:  Village: 10387312 Feature: 14357617
[04:14:21] [Server thread/INFO]: Max Entity Collisions: 8
[04:14:21] [Server thread/INFO]: Preparing start region for level 0 (Seed: -4771924549810971134)
[04:14:21] [Server thread/INFO]: Preparing start region for level 1 (Seed: -4771924549810971134)
[04:14:22] [Server thread/INFO]: Preparing start region for level 2 (Seed: -4771924549810971134)
[04:14:23] [Server thread/INFO]: [ClearLag] Enabling ClearLag v3.1.6
[04:14:23] [Server thread/INFO]: [ClearLag] Loading modules...
[04:14:23] [Server thread/INFO]: [ClearLag] Modules enabed, loading config values
[04:14:23] [Server thread/INFO]: [ClearLag] Modules have been loaded!
[04:14:23] [Server thread/INFO]: [ClearLag] Clearlag is now enabled!
[04:14:23] [Thread-9/INFO]: [ClearLag] Checking for updates compatible with your bukkit version [1.8]...
[04:14:23] [Server thread/INFO]: [Timber] Enabling Timber v1.0.7
[04:14:23] [Server thread/INFO]: Timber Log Materials: [LOG, LOG_2]
[04:14:23] [Server thread/INFO]: Timber Axe Materials: [STONE_AXE, DIAMOND_AXE, IRON_AXE, WOOD_AXE, GOLD_AXE]
[04:14:23] [Server thread/INFO]: [Multiverse-Core] Enabling Multiverse-Core v4.1.0-b775
[04:14:23] [Server thread/INFO]: [Multiverse-Core] We are aware of the warning about the deprecated event. There is no alternative that allows us to do what we need to do. The performance impact is negligible.
[04:14:23] [Server thread/ERROR]: Error occurred while enabling Multiverse-Core v4.1.0-b775 (Is it up to date?)
java.lang.NoClassDefFoundError: org/bukkit/entity/Phantom
	at com.onarandombox.MultiverseCore.utils.SimpleWorldPurger.killDecision(SimpleWorldPurger.java:152) ~[?:?]
	at com.onarandombox.MultiverseCore.utils.SimpleWorldPurger.purgeWorld(SimpleWorldPurger.java:119) ~[?:?]
	at com.onarandombox.MultiverseCore.utils.SimpleWorldPurger.purgeWorld(SimpleWorldPurger.java:197) ~[?:?]
	at com.onarandombox.MultiverseCore.utils.SimpleWorldPurger.purgeWorld(SimpleWorldPurger.java:74) ~[?:?]
	at com.onarandombox.MultiverseCore.MVWorld$SpawningPropertyValidator.validateChange(MVWorld.java:286) ~[?:?]
	at com.onarandombox.MultiverseCore.MVWorld$SpawningPropertyValidator.validateChange(MVWorld.java:260) ~[?:?]
	at com.onarandombox.serializationconfig.SerializationConfig.SerializationConfig.validate(SerializationConfig.java:893) ~[?:?]
	at com.onarandombox.serializationconfig.SerializationConfig.SerializationConfig.setPropertyValue(SerializationConfig.java:443) ~[?:?]
	at com.onarandombox.serializationconfig.SerializationConfig.SerializationConfig.setPropertyValue(SerializationConfig.java:368) ~[?:?]
	at com.onarandombox.serializationconfig.SerializationConfig.SerializationConfig.setPropertyValue(SerializationConfig.java:353) ~[?:?]
	at com.onarandombox.serializationconfig.SerializationConfig.SerializationConfig.setPropertyValueUnchecked(SerializationConfig.java:736) ~[?:?]
	at com.onarandombox.MultiverseCore.WorldProperties.setAllowAnimalSpawn(WorldProperties.java:424) ~[?:?]
	at com.onarandombox.MultiverseCore.MVWorld.setAllowAnimalSpawn(MVWorld.java:767) ~[?:?]
	at com.onarandombox.MultiverseCore.MVWorld.validateEntitySpawns(MVWorld.java:195) ~[?:?]
	at com.onarandombox.MultiverseCore.MVWorld.validateProperties(MVWorld.java:205) ~[?:?]
	at com.onarandombox.MultiverseCore.MVWorld.<init>(MVWorld.java:94) ~[?:?]
	at com.onarandombox.MultiverseCore.MVWorld.<init>(MVWorld.java:59) ~[?:?]
	at com.onarandombox.MultiverseCore.utils.WorldManager.doLoad(WorldManager.java:477) ~[?:?]
	at com.onarandombox.MultiverseCore.utils.WorldManager.doLoad(WorldManager.java:448) ~[?:?]
	at com.onarandombox.MultiverseCore.utils.WorldManager.doLoad(WorldManager.java:423) ~[?:?]
	at com.onarandombox.MultiverseCore.utils.WorldManager.loadWorlds(WorldManager.java:728) ~[?:?]
	at com.onarandombox.MultiverseCore.MultiverseCore.onEnable(MultiverseCore.java:310) ~[?:?]
	at org.bukkit.plugin.java.JavaPlugin.setEnabled(JavaPlugin.java:321) ~[spigot-1.8.8.jar:git-Spigot-db6de12-18fbb24]
	at org.bukkit.plugin.java.JavaPluginLoader.enablePlugin(JavaPluginLoader.java:340) [spigot-1.8.8.jar:git-Spigot-db6de12-18fbb24]
	at org.bukkit.plugin.SimplePluginManager.enablePlugin(SimplePluginManager.java:405) [spigot-1.8.8.jar:git-Spigot-db6de12-18fbb24]
	at org.bukkit.craftbukkit.v1_8_R3.CraftServer.loadPlugin(CraftServer.java:357) [spigot-1.8.8.jar:git-Spigot-db6de12-18fbb24]
	at org.bukkit.craftbukkit.v1_8_R3.CraftServer.enablePlugins(CraftServer.java:317) [spigot-1.8.8.jar:git-Spigot-db6de12-18fbb24]
	at net.minecraft.server.v1_8_R3.MinecraftServer.s(MinecraftServer.java:414) [spigot-1.8.8.jar:git-Spigot-db6de12-18fbb24]
	at net.minecraft.server.v1_8_R3.MinecraftServer.k(MinecraftServer.java:378) [spigot-1.8.8.jar:git-Spigot-db6de12-18fbb24]
	at net.minecraft.server.v1_8_R3.MinecraftServer.a(MinecraftServer.java:333) [spigot-1.8.8.jar:git-Spigot-db6de12-18fbb24]
	at net.minecraft.server.v1_8_R3.DedicatedServer.init(DedicatedServer.java:263) [spigot-1.8.8.jar:git-Spigot-db6de12-18fbb24]
	at net.minecraft.server.v1_8_R3.MinecraftServer.run(MinecraftServer.java:525) [spigot-1.8.8.jar:git-Spigot-db6de12-18fbb24]
	at java.lang.Thread.run(Unknown Source) [?:1.8.0_251]
Caused by: java.lang.ClassNotFoundException: org.bukkit.entity.Phantom
	at org.bukkit.plugin.java.PluginClassLoader.findClass(PluginClassLoader.java:91) ~[spigot-1.8.8.jar:git-Spigot-db6de12-18fbb24]
	at org.bukkit.plugin.java.PluginClassLoader.findClass(PluginClassLoader.java:86) ~[spigot-1.8.8.jar:git-Spigot-db6de12-18fbb24]
	at java.lang.ClassLoader.loadClass(Unknown Source) ~[?:1.8.0_251]
	at java.lang.ClassLoader.loadClass(Unknown Source) ~[?:1.8.0_251]
	... 33 more
[04:14:23] [Server thread/INFO]: [AuthMe] Enabling AuthMe v5.4.0-b1877
[04:14:23] [Server thread/INFO]: [AuthMe] SQLite Setup finished
[04:14:23] [Server thread/INFO]: [AuthMe] Hooked into Vault!
[04:14:23] [Server thread/INFO]: [AuthMe] Hooked successfully into Multiverse-Core
[04:14:23] [Thread-10/WARN]: [AuthMe] Could not download GeoLiteAPI database [UnknownHostException]: geolite.maxmind.com
[04:14:23] [Server thread/WARN]: [AuthMe] WARNING! The protectInventory feature requires ProtocolLib! Disabling it...
[04:14:23] [Server thread/INFO]: [AuthMe] Development builds are available on our jenkins, thanks to f14stelt.
[04:14:23] [Server thread/INFO]: [AuthMe] Do you want a good game server? Look at our sponsor GameHosting.it leader in Italy as Game Server Provider!
[04:14:23] [Server thread/INFO]: [AuthMe] AuthMe 5.4.0 build n.1877 correctly enabled!
[04:14:23] [Server thread/INFO]: [GriefPrevention] Enabling GriefPrevention v16.13.0
[04:14:23] [Server thread/ERROR]: Error occurred while enabling GriefPrevention v16.13.0 (Is it up to date?)
java.lang.NoSuchFieldError: GOLDEN_SHOVEL
	at me.ryanhamshire.GriefPrevention.GriefPrevention.loadConfig(GriefPrevention.java:664) ~[?:?]
	at me.ryanhamshire.GriefPrevention.GriefPrevention.onEnable(GriefPrevention.java:265) ~[?:?]
	at org.bukkit.plugin.java.JavaPlugin.setEnabled(JavaPlugin.java:321) ~[spigot-1.8.8.jar:git-Spigot-db6de12-18fbb24]
	at org.bukkit.plugin.java.JavaPluginLoader.enablePlugin(JavaPluginLoader.java:340) [spigot-1.8.8.jar:git-Spigot-db6de12-18fbb24]
	at org.bukkit.plugin.SimplePluginManager.enablePlugin(SimplePluginManager.java:405) [spigot-1.8.8.jar:git-Spigot-db6de12-18fbb24]
	at org.bukkit.craftbukkit.v1_8_R3.CraftServer.loadPlugin(CraftServer.java:357) [spigot-1.8.8.jar:git-Spigot-db6de12-18fbb24]
	at org.bukkit.craftbukkit.v1_8_R3.CraftServer.enablePlugins(CraftServer.java:317) [spigot-1.8.8.jar:git-Spigot-db6de12-18fbb24]
	at net.minecraft.server.v1_8_R3.MinecraftServer.s(MinecraftServer.java:414) [spigot-1.8.8.jar:git-Spigot-db6de12-18fbb24]
	at net.minecraft.server.v1_8_R3.MinecraftServer.k(MinecraftServer.java:378) [spigot-1.8.8.jar:git-Spigot-db6de12-18fbb24]
	at net.minecraft.server.v1_8_R3.MinecraftServer.a(MinecraftServer.java:333) [spigot-1.8.8.jar:git-Spigot-db6de12-18fbb24]
	at net.minecraft.server.v1_8_R3.DedicatedServer.init(DedicatedServer.java:263) [spigot-1.8.8.jar:git-Spigot-db6de12-18fbb24]
	at net.minecraft.server.v1_8_R3.MinecraftServer.run(MinecraftServer.java:525) [spigot-1.8.8.jar:git-Spigot-db6de12-18fbb24]
	at java.lang.Thread.run(Unknown Source) [?:1.8.0_251]
[04:14:23] [Server thread/INFO]: [ChestShop] Enabling ChestShop v3.10.1 (build 174)
[04:14:24] [Server thread/INFO]: [ChestShop] Vault loaded!
[04:14:24] [Server thread/ERROR]: Error occurred while enabling ChestShop v3.10.1 (build 174) (Is it up to date?)
java.lang.NoClassDefFoundError: org/bukkit/block/Container
	at java.lang.Class.getDeclaredMethods0(Native Method) ~[?:1.8.0_251]
	at java.lang.Class.privateGetDeclaredMethods(Unknown Source) ~[?:1.8.0_251]
	at java.lang.Class.getDeclaredMethod(Unknown Source) ~[?:1.8.0_251]
	at org.bukkit.plugin.SimplePluginManager.getRegistrationClass(SimplePluginManager.java:578) ~[spigot-1.8.8.jar:git-Spigot-db6de12-18fbb24]
	at org.bukkit.plugin.SimplePluginManager.registerEvents(SimplePluginManager.java:528) ~[spigot-1.8.8.jar:git-Spigot-db6de12-18fbb24]
	at com.Acrobot.ChestShop.ChestShop.registerEvent(ChestShop.java:394) ~[?:?]
	at com.Acrobot.ChestShop.ChestShop.registerPostShopCreationEvents(ChestShop.java:346) ~[?:?]
	at com.Acrobot.ChestShop.ChestShop.registerEvents(ChestShop.java:290) ~[?:?]
	at com.Acrobot.ChestShop.ChestShop.onEnable(ChestShop.java:126) ~[?:?]
	at org.bukkit.plugin.java.JavaPlugin.setEnabled(JavaPlugin.java:321) ~[spigot-1.8.8.jar:git-Spigot-db6de12-18fbb24]
	at org.bukkit.plugin.java.JavaPluginLoader.enablePlugin(JavaPluginLoader.java:340) [spigot-1.8.8.jar:git-Spigot-db6de12-18fbb24]
	at org.bukkit.plugin.SimplePluginManager.enablePlugin(SimplePluginManager.java:405) [spigot-1.8.8.jar:git-Spigot-db6de12-18fbb24]
	at org.bukkit.craftbukkit.v1_8_R3.CraftServer.loadPlugin(CraftServer.java:357) [spigot-1.8.8.jar:git-Spigot-db6de12-18fbb24]
	at org.bukkit.craftbukkit.v1_8_R3.CraftServer.enablePlugins(CraftServer.java:317) [spigot-1.8.8.jar:git-Spigot-db6de12-18fbb24]
	at net.minecraft.server.v1_8_R3.MinecraftServer.s(MinecraftServer.java:414) [spigot-1.8.8.jar:git-Spigot-db6de12-18fbb24]
	at net.minecraft.server.v1_8_R3.MinecraftServer.k(MinecraftServer.java:378) [spigot-1.8.8.jar:git-Spigot-db6de12-18fbb24]
	at net.minecraft.server.v1_8_R3.MinecraftServer.a(MinecraftServer.java:333) [spigot-1.8.8.jar:git-Spigot-db6de12-18fbb24]
	at net.minecraft.server.v1_8_R3.DedicatedServer.init(DedicatedServer.java:263) [spigot-1.8.8.jar:git-Spigot-db6de12-18fbb24]
	at net.minecraft.server.v1_8_R3.MinecraftServer.run(MinecraftServer.java:525) [spigot-1.8.8.jar:git-Spigot-db6de12-18fbb24]
	at java.lang.Thread.run(Unknown Source) [?:1.8.0_251]
Caused by: java.lang.ClassNotFoundException: org.bukkit.block.Container
	at org.bukkit.plugin.java.PluginClassLoader.findClass(PluginClassLoader.java:91) ~[spigot-1.8.8.jar:git-Spigot-db6de12-18fbb24]
	at org.bukkit.plugin.java.PluginClassLoader.findClass(PluginClassLoader.java:86) ~[spigot-1.8.8.jar:git-Spigot-db6de12-18fbb24]
	at java.lang.ClassLoader.loadClass(Unknown Source) ~[?:1.8.0_251]
	at java.lang.ClassLoader.loadClass(Unknown Source) ~[?:1.8.0_251]
	... 20 more
[04:14:24] [Server thread/INFO]: Server permissions file permissions.yml is empty, ignoring it
[04:14:24] [Server thread/INFO]: Done (3.058s)! For help, type "help" or "?"
[04:14:24] [Craft Scheduler Thread - 1/INFO]: [Vault] Checking for Updates ... 
[04:14:24] [Server thread/WARN]: [Multiverse-Core] The world specified as the spawn world (null) did not exist!!
[04:14:24] [Server thread/ERROR]: Could not pass event PlayerJoinEvent to Multiverse-Core v4.1.0-b775
org.bukkit.event.EventException
	at org.bukkit.plugin.java.JavaPluginLoader$1.execute(JavaPluginLoader.java:310) ~[spigot-1.8.8.jar:git-Spigot-db6de12-18fbb24]
	at org.bukkit.plugin.RegisteredListener.callEvent(RegisteredListener.java:62) ~[spigot-1.8.8.jar:git-Spigot-db6de12-18fbb24]
	at org.bukkit.plugin.SimplePluginManager.fireEvent(SimplePluginManager.java:502) [spigot-1.8.8.jar:git-Spigot-db6de12-18fbb24]
	at org.bukkit.plugin.SimplePluginManager.callEvent(SimplePluginManager.java:487) [spigot-1.8.8.jar:git-Spigot-db6de12-18fbb24]
	at net.minecraft.server.v1_8_R3.PlayerList.onPlayerJoin(PlayerList.java:298) [spigot-1.8.8.jar:git-Spigot-db6de12-18fbb24]
	at net.minecraft.server.v1_8_R3.PlayerList.a(PlayerList.java:157) [spigot-1.8.8.jar:git-Spigot-db6de12-18fbb24]
	at net.minecraft.server.v1_8_R3.LoginListener.b(LoginListener.java:144) [spigot-1.8.8.jar:git-Spigot-db6de12-18fbb24]
	at net.minecraft.server.v1_8_R3.LoginListener.c(LoginListener.java:54) [spigot-1.8.8.jar:git-Spigot-db6de12-18fbb24]
	at net.minecraft.server.v1_8_R3.NetworkManager.a(NetworkManager.java:231) [spigot-1.8.8.jar:git-Spigot-db6de12-18fbb24]
	at net.minecraft.server.v1_8_R3.ServerConnection.c(ServerConnection.java:148) [spigot-1.8.8.jar:git-Spigot-db6de12-18fbb24]
	at net.minecraft.server.v1_8_R3.MinecraftServer.B(MinecraftServer.java:814) [spigot-1.8.8.jar:git-Spigot-db6de12-18fbb24]
	at net.minecraft.server.v1_8_R3.DedicatedServer.B(DedicatedServer.java:374) [spigot-1.8.8.jar:git-Spigot-db6de12-18fbb24]
	at net.minecraft.server.v1_8_R3.MinecraftServer.A(MinecraftServer.java:654) [spigot-1.8.8.jar:git-Spigot-db6de12-18fbb24]
	at net.minecraft.server.v1_8_R3.MinecraftServer.run(MinecraftServer.java:557) [spigot-1.8.8.jar:git-Spigot-db6de12-18fbb24]
	at java.lang.Thread.run(Unknown Source) [?:1.8.0_251]
Caused by: java.lang.NullPointerException
	at com.onarandombox.MultiverseCore.listeners.MVPlayerListener.playerJoin(MVPlayerListener.java:116) ~[?:?]
	at sun.reflect.NativeMethodAccessorImpl.invoke0(Native Method) ~[?:1.8.0_251]
	at sun.reflect.NativeMethodAccessorImpl.invoke(Unknown Source) ~[?:1.8.0_251]
	at sun.reflect.DelegatingMethodAccessorImpl.invoke(Unknown Source) ~[?:1.8.0_251]
	at java.lang.reflect.Method.invoke(Unknown Source) ~[?:1.8.0_251]
	at org.bukkit.plugin.java.JavaPluginLoader$1.execute(JavaPluginLoader.java:306) ~[spigot-1.8.8.jar:git-Spigot-db6de12-18fbb24]
	... 14 more
[04:14:24] [Server thread/INFO]: Aureo[/131.72.48.224:20104] logged in with entity id 289 at ([world]-156.5, 78.0, 262.5)
[04:14:24] [Server thread/INFO]: Stopping the server
[04:14:24] [Server thread/INFO]: Stopping server
[04:14:24] [Server thread/INFO]: [ChestShop] Disabling ChestShop v3.10.1 (build 174)
[04:14:24] [Server thread/INFO]: [GriefPrevention] Disabling GriefPrevention v16.13.0
[04:14:24] [Server thread/ERROR]: Error occurred while disabling GriefPrevention v16.13.0 (Is it up to date?)
java.lang.NullPointerException
	at me.ryanhamshire.GriefPrevention.GriefPrevention.onDisable(GriefPrevention.java:3244) ~[?:?]
	at org.bukkit.plugin.java.JavaPlugin.setEnabled(JavaPlugin.java:323) ~[spigot-1.8.8.jar:git-Spigot-db6de12-18fbb24]
	at org.bukkit.plugin.java.JavaPluginLoader.disablePlugin(JavaPluginLoader.java:364) [spigot-1.8.8.jar:git-Spigot-db6de12-18fbb24]
	at org.bukkit.plugin.SimplePluginManager.disablePlugin(SimplePluginManager.java:424) [spigot-1.8.8.jar:git-Spigot-db6de12-18fbb24]
	at org.bukkit.plugin.SimplePluginManager.disablePlugins(SimplePluginManager.java:417) [spigot-1.8.8.jar:git-Spigot-db6de12-18fbb24]
	at org.bukkit.craftbukkit.v1_8_R3.CraftServer.disablePlugins(CraftServer.java:336) [spigot-1.8.8.jar:git-Spigot-db6de12-18fbb24]
	at net.minecraft.server.v1_8_R3.MinecraftServer.stop(MinecraftServer.java:460) [spigot-1.8.8.jar:git-Spigot-db6de12-18fbb24]
	at net.minecraft.server.v1_8_R3.MinecraftServer.run(MinecraftServer.java:593) [spigot-1.8.8.jar:git-Spigot-db6de12-18fbb24]
	at java.lang.Thread.run(Unknown Source) [?:1.8.0_251]
[04:14:24] [Server thread/INFO]: [AuthMe] Disabling AuthMe v5.4.0-b1877
[04:14:24] [Server thread/INFO]: [AuthMe] Waiting for 0 tasks to finish
[04:14:24] [Server thread/INFO]: [AuthMe] AuthMe 5.4.0-b1877 disabled!
[04:14:24] [Server thread/INFO]: [Multiverse-Core] Disabling Multiverse-Core v4.1.0-b775
[04:14:24] [Server thread/INFO]: [Vault] Disabling Vault v1.7.2-b107
[04:14:24] [Server thread/INFO]: [Timber] Disabling Timber v1.0.7
[04:14:24] [Server thread/INFO]: [ClearLag] Disabling ClearLag v3.1.6
[04:14:24] [Server thread/INFO]: [ClearLag] Clearlag is now disabled!
[04:14:24] [Server thread/INFO]: Saving players
[04:14:24] [Server thread/INFO]: Aureo lost connection: Server closed
[04:14:24] [Server thread/INFO]: Aureo left the game.
[04:14:24] [Server thread/INFO]: Saving worlds
[04:14:24] [Server thread/INFO]: Saving chunks for level 'world'/Overworld
[04:14:24] [Thread-9/INFO]: [ClearLag] No updates found!
[04:14:24] [Server thread/INFO]: Saving chunks for level 'world_nether'/Nether
[04:14:24] [Server thread/INFO]: Saving chunks for level 'world_the_end'/The End
[04:14:24] [Craft Scheduler Thread - 1/INFO]: [Vault] No new version available
